0 info it worked if it ends with ok
1 verbose cli [ 'C:\\Program Files\\nodejs\\node.exe',
1 verbose cli   'C:\\Program Files\\nodejs\\node_modules\\npm\\bin\\npm-cli.js',
1 verbose cli   'run',
1 verbose cli   'build' ]
2 info using npm@3.10.3
3 info using node@v6.3.1
4 verbose run-script [ 'prebuild', 'build', 'postbuild' ]
5 info lifecycle next-career-page@1.0.0~prebuild: next-career-page@1.0.0
6 silly lifecycle next-career-page@1.0.0~prebuild: no script for prebuild, continuing
7 info lifecycle next-career-page@1.0.0~build: next-career-page@1.0.0
8 verbose lifecycle next-career-page@1.0.0~build: unsafe-perm in lifecycle true
9 verbose lifecycle next-career-page@1.0.0~build: PATH: C:\Program Files\nodejs\node_modules\npm\bin\node-gyp-bin;C:\Users\user\Desktop\test-career\test-career-page\node_modules\.bin;C:\Program Files\nodejs;C:\Program Files (x86)\Intel\iCLS Client\;C:\Program Files\Intel\iCLS Client\;C:\ProgramData\Oracle\Java\javapath;C:\Windows\system32;C:\Windows;C:\Windows\System32\Wbem;C:\Windows\System32\WindowsPowerShell\v1.0\;D:\Xampp\php;C:\ProgramData\ComposerSetup\bin;C:\Program Files\Intel\Intel(R) Management Engine Components\DAL;C:\Program Files\Intel\Intel(R) Management Engine Components\IPT;C:\Program Files (x86)\Intel\Intel(R) Management Engine Components\DAL;C:\Program Files (x86)\Intel\Intel(R) Management Engine Components\IPT;C:\Program Files (x86)\NVIDIA Corporation\PhysX\Common;C:\ProgramData\chocolatey\bin;C:\tools\python2;C:\Program Files\nodejs\;C:\Program Files\IBM\Bluemix\bin;C:\Program Files\Cloud Foundry;C:\Program Files (x86)\Skype\Phone\;C:\Program Files\PostgreSQL\pg96\bin;C:\Program Files (x86)\WinSCP\;C:\Program Files\OpenVPN\bin;C:\Program Files\Git\cmd;C:\Users\user\AppData\Roaming\Composer\vendor\bin;D:\Xampp\php\php.exe;C:\Users\user\AppData\Local\Android\Sdk;C:\Users\user\AppData\Roaming\npm;C:\Users\user\AppData\Local\atom\bin;C:\Program Files\apache-maven-3.3.9\bin;C:\tools\python2\Scripts;C:\chromedriver;C:\Program Files (x86)\OpenVPN\bin;C:\Program Files (x86)\Microsoft VS Code\bin;C:\Program Files\Docker Toolbox
10 verbose lifecycle next-career-page@1.0.0~build: CWD: C:\Users\user\Desktop\test-career\test-career-page
11 silly lifecycle next-career-page@1.0.0~build: Args: [ '/d /s /c', 'next build && next export' ]
12 silly lifecycle next-career-page@1.0.0~build: Returned: code: 1  signal: null
13 info lifecycle next-career-page@1.0.0~build: Failed to exec build script
14 verbose stack Error: next-career-page@1.0.0 build: `next build && next export`
14 verbose stack Exit status 1
14 verbose stack     at EventEmitter.<anonymous> (C:\Program Files\nodejs\node_modules\npm\lib\utils\lifecycle.js:242:16)
14 verbose stack     at emitTwo (events.js:106:13)
14 verbose stack     at EventEmitter.emit (events.js:191:7)
14 verbose stack     at ChildProcess.<anonymous> (C:\Program Files\nodejs\node_modules\npm\lib\utils\spawn.js:40:14)
14 verbose stack     at emitTwo (events.js:106:13)
14 verbose stack     at ChildProcess.emit (events.js:191:7)
14 verbose stack     at maybeClose (internal/child_process.js:852:16)
14 verbose stack     at Process.ChildProcess._handle.onexit (internal/child_process.js:215:5)
15 verbose pkgid next-career-page@1.0.0
16 verbose cwd C:\Users\user\Desktop\test-career\test-career-page
17 error Windows_NT 6.3.9600
18 error argv "C:\\Program Files\\nodejs\\node.exe" "C:\\Program Files\\nodejs\\node_modules\\npm\\bin\\npm-cli.js" "run" "build"
19 error node v6.3.1
20 error npm  v3.10.3
21 error code ELIFECYCLE
22 error next-career-page@1.0.0 build: `next build && next export`
22 error Exit status 1
23 error Failed at the next-career-page@1.0.0 build script 'next build && next export'.
23 error Make sure you have the latest version of node.js and npm installed.
23 error If you do, this is most likely a problem with the next-career-page package,
23 error not with npm itself.
23 error Tell the author that this fails on your system:
23 error     next build && next export
23 error You can get information on how to open an issue for this project with:
23 error     npm bugs next-career-page
23 error Or if that isn't available, you can get their info via:
23 error     npm owner ls next-career-page
23 error There is likely additional logging output above.
24 verbose exit [ 1, true ]
